0 : angle = 0.000000 | dist = 0.000000 | perpDist = 0.000000
1 : angle = 0.000000 | dist = 0.000000 | perpDist = 0.000000
0 : angle = 1.929567 | dist = 8.544004 | perpDist = -3.000000
1 : angle = 2.279423 | dist = 9.219544 | perpDist = -6.000000
lol
kek
0 : angle = 2.279423 | dist = 9.219544 | perpDist = -6.000000
1 : angle = 1.929567 | dist = 8.544004 | perpDist = -3.000000
lol
kek
0 : angle = 2.279423 | dist = 9.219544 | perpDist = -6.000000
1 : angle = 1.929567 | dist = 8.544004 | perpDist = -3.000000
lol
kek
0 : angle = 2.279423 | dist = 9.219544 | perpDist = -6.000000
1 : angle = 1.929567 | dist = 8.544004 | perpDist = -3.000000
lol
kek
0 : angle = 2.279423 | dist = 9.219544 | perpDist = -6.000000
1 : angle = 1.929567 | dist = 8.544004 | perpDist = -3.000000
lol
kek
0 : angle = 2.279423 | dist = 9.219544 | perpDist = -6.000000
1 : angle = 1.929567 | dist = 8.544004 | perpDist = -3.000000
lol
kek
0 : angle = 2.279423 | dist = 9.219544 | perpDist = -6.000000
1 : angle = 1.929567 | dist = 8.544004 | perpDist = -3.000000
lol
kek
0 : angle = 2.279423 | dist = 9.219544 | perpDist = -6.000000
1 : angle = 1.929567 | dist = 8.544004 | perpDist = -3.000000
lol
kek
0 : angle = 2.279423 | dist = 9.219544 | perpDist = -6.000000
1 : angle = 1.929567 | dist = 8.544004 | perpDist = -3.000000
lol
kek
0 : angle = 2.279423 | dist = 9.219544 | perpDist = -6.000000
1 : angle = 1.929567 | dist = 8.544004 | perpDist = -3.000000
lol
kek
0 : angle = 2.279423 | dist = 9.219544 | perpDist = -6.000000
1 : angle = 1.929567 | dist = 8.544004 | perpDist = -3.000000
lol
kek
0 : angle = 2.279423 | dist = 9.219544 | perpDist = -6.000000
1 : angle = 1.929567 | dist = 8.544004 | perpDist = -3.000000
lol
kek
0 : angle = 2.279423 | dist = 9.219544 | perpDist = -6.000000
1 : angle = 1.929567 | dist = 8.544004 | perpDist = -3.000000
lol
kek
0 : angle = 2.216591 | dist = 9.219544 | perpDist = -5.548627
1 : angle = 1.866735 | dist = 8.544004 | perpDist = -2.491756
lol
kek
0 : angle = 2.153759 | dist = 9.219544 | perpDist = -5.075356
1 : angle = 1.803903 | dist = 8.544004 | perpDist = -1.973678
lol
kek
0 : angle = 2.090927 | dist = 9.219544 | perpDist = -4.582054
1 : angle = 1.741071 | dist = 8.544004 | perpDist = -1.447811
lol
kek
0 : angle = 2.028095 | dist = 9.219544 | perpDist = -4.070670
1 : angle = 1.678240 | dist = 8.544004 | perpDist = -0.916230
lol
kek
0 : angle = 1.965263 | dist = 9.219544 | perpDist = -3.543220
1 : angle = 1.615408 | dist = 8.544004 | perpDist = -0.381034
lol
kek
0 : angle = 1.902431 | dist = 9.219544 | perpDist = -3.001787
1 : angle = 1.552576 | dist = 8.544004 | perpDist = 0.155667
lol
kek
0 : angle = 1.839600 | dist = 9.219544 | perpDist = -2.448507
1 : angle = 1.489744 | dist = 8.544004 | perpDist = 0.691753
lol
kek
0 : angle = 1.776768 | dist = 9.219544 | perpDist = -1.885564
1 : angle = 1.426912 | dist = 8.544004 | perpDist = 1.225109
lol
kek
0 : angle = 1.713936 | dist = 9.219544 | perpDist = -1.315180
1 : angle = 1.364080 | dist = 8.544004 | perpDist = 1.753631
lol
kek
0 : angle = 1.651104 | dist = 9.219544 | perpDist = -0.739605
1 : angle = 1.301248 | dist = 8.544004 | perpDist = 2.275231
lol
kek
0 : angle = 1.588272 | dist = 9.219544 | perpDist = -0.161112
1 : angle = 1.238417 | dist = 8.544004 | perpDist = 2.787852
lol
kek
0 : angle = 1.525440 | dist = 9.219544 | perpDist = 0.418018
1 : angle = 1.175585 | dist = 8.544004 | perpDist = 3.289471
lol
kek
0 : angle = 1.462609 | dist = 9.219544 | perpDist = 0.995498
1 : angle = 1.112753 | dist = 8.544004 | perpDist = 3.778108
lol
kek
0 : angle = 1.399777 | dist = 9.219544 | perpDist = 1.569049
1 : angle = 1.049921 | dist = 8.544004 | perpDist = 4.251834
lol
kek
0 : angle = 1.336945 | dist = 9.219544 | perpDist = 2.136407
1 : angle = 0.987089 | dist = 8.544004 | perpDist = 4.708780
lol
kek
0 : angle = 1.274113 | dist = 9.219544 | perpDist = 2.695335
1 : angle = 0.924257 | dist = 8.544004 | perpDist = 5.147143
lol
kek
0 : angle = 1.211281 | dist = 9.219544 | perpDist = 3.243625
1 : angle = 0.861425 | dist = 8.544004 | perpDist = 5.565192
lol
kek
0 : angle = 1.148449 | dist = 9.219544 | perpDist = 3.779114
1 : angle = 0.798594 | dist = 8.544004 | perpDist = 5.961279
lol
kek
0 : angle = 1.085617 | dist = 9.219544 | perpDist = 4.299688
1 : angle = 0.735762 | dist = 8.544004 | perpDist = 6.333838
lol
kek
0 : angle = 1.022786 | dist = 9.219544 | perpDist = 4.803294
1 : angle = 0.672930 | dist = 8.544004 | perpDist = 6.681401
lol
kek
0 : angle = 0.959954 | dist = 9.219544 | perpDist = 5.287943
1 : angle = 0.610098 | dist = 8.544004 | perpDist = 7.002596
lol
kek
0 : angle = 0.897122 | dist = 9.219544 | perpDist = 5.751723
1 : angle = 0.547266 | dist = 8.544004 | perpDist = 7.296154
lol
kek
0 : angle = 0.834290 | dist = 9.219544 | perpDist = 6.192804
1 : angle = 0.484434 | dist = 8.544004 | perpDist = 7.560918
lol
kek
0 : angle = 0.771458 | dist = 9.219544 | perpDist = 6.609444
1 : angle = 0.421603 | dist = 8.544004 | perpDist = 7.795842
lol
kek
0 : angle = 0.708626 | dist = 9.219544 | perpDist = 7.000000
1 : angle = 0.358771 | dist = 8.544004 | perpDist = 8.000000
lol
kek
0 : angle = 0.645794 | dist = 9.219544 | perpDist = 7.362930
1 : angle = 0.295939 | dist = 8.544004 | perpDist = 8.172585
lol
kek
(nil) | 0x4d34040
(nil) | 0x4d34040
(nil) | 0x4d34040
(nil) | 0x4d34040
(nil) | 0x4d34040
(nil) | 0x4d34040
(nil) | 0x4d34040
(nil) | 0x4d34040
(nil) | 0x4d34040
(nil) | 0x4d34040
(nil) | 0x4d34040
(nil) | 0x4d34040
(nil) | 0x4d34040
(nil) | 0x4d34040
(nil) | 0x4d34040
(nil) | 0x4d34040
(nil) | 0x4d34040
(nil) | 0x4d34040
(nil) | 0x4d34040
(nil) | 0x4d34040
(nil) | 0x4d34040
(nil) | 0x4d34040
(nil) | 0x4d34040
(nil) | 0x4d34040
(nil) | 0x4d34040
(nil) | 0x4d34040
(nil) | 0x4d34040
(nil) | 0x4d34040
(nil) | 0x4d34040
(nil) | 0x4d34040
(nil) | 0x4d34040
(nil) | 0x4d34040
(nil) | 0x4d34040
(nil) | 0x4d34040
(nil) | 0x4d34040
(nil) | 0x4d34040
(nil) | 0x4d34040
(nil) | 0x4d34040
(nil) | 0x4d34040
(nil) | 0x4d34040
(nil) | 0x4d34040
(nil) | 0x4d34040
(nil) | 0x4d34040
(nil) | 0x4d34040
(nil) | 0x4d34040
(nil) | 0x4d34040
(nil) | 0x4d34040
(nil) | 0x4d34040
(nil) | 0x4d34040
(nil) | 0x4d34040
(nil) | 0x4d34040
(nil) | 0x4d34040
(nil) | 0x4d34040
(nil) | 0x4d34040
(nil) | 0x4d34040
(nil) | 0x4d34040
(nil) | 0x4d34040
0 : angle = 0.582963 | dist = 9.219544 | perpDist = 7.696802
1 : angle = 0.233107 | dist = 8.544004 | perpDist = 8.312917
lol
kek
(nil) | 0x4d34040
(nil) | 0x4d34040
(nil) | 0x4d34040
(nil) | 0x4d34040
(nil) | 0x4d34040
(nil) | 0x4d34040
(nil) | 0x4d34040
(nil) | 0x4d34040
(nil) | 0x4d34040
(nil) | 0x4d34040
(nil) | 0x4d34040
(nil) | 0x4d34040
(nil) | 0x4d34040
(nil) | 0x4d34040
(nil) | 0x4d34040
(nil) | 0x4d34040
(nil) | 0x4d34040
(nil) | 0x4d34040
(nil) | 0x4d34040
(nil) | 0x4d34040
(nil) | 0x4d34040
(nil) | 0x4d34040
(nil) | 0x4d34040
(nil) | 0x4d34040
(nil) | 0x4d34040
(nil) | 0x4d34040
(nil) | 0x4d34040
(nil) | 0x4d34040
(nil) | 0x4d34040
(nil) | 0x4d34040
(nil) | 0x4d34040
(nil) | 0x4d34040
(nil) | 0x4d34040
(nil) | 0x4d34040
(nil) | 0x4d34040
(nil) | 0x4d34040
(nil) | 0x4d34040
(nil) | 0x4d34040
(nil) | 0x4d34040
(nil) | 0x4d34040
(nil) | 0x4d34040
(nil) | 0x4d34040
(nil) | 0x4d34040
0 : angle = 0.520131 | dist = 9.219544 | perpDist = 8.000299
1 : angle = 0.170275 | dist = 8.544004 | perpDist = 8.420442
lol
kek
(nil) | 0x4d34120
(nil) | 0x4d34120
(nil) | 0x4d34120
(nil) | 0x4d34120
(nil) | 0x4d34120
(nil) | 0x4d34120
(nil) | 0x4d34120
(nil) | 0x4d34120
(nil) | 0x4d34120
(nil) | 0x4d34120
(nil) | 0x4d34120
(nil) | 0x4d34120
(nil) | 0x4d34120
(nil) | 0x4d34120
(nil) | 0x4d34120
(nil) | 0x4d34120
(nil) | 0x4d34120
(nil) | 0x4d34120
(nil) | 0x4d34120
(nil) | 0x4d34120
(nil) | 0x4d34120
(nil) | 0x4d34120
(nil) | 0x4d34120
(nil) | 0x4d34120
(nil) | 0x4d34120
(nil) | 0x4d34120
(nil) | 0x4d34120
(nil) | 0x4d34120
(nil) | 0x4d34120
(nil) | 0x4d34120
(nil) | 0x4d34120
(nil) | 0x4d34120
(nil) | 0x4d34120
(nil) | 0x4d34120
(nil) | 0x4d34120
(nil) | 0x4d34120
(nil) | 0x4d34120
(nil) | 0x4d34120
(nil) | 0x4d34120
(nil) | 0x4d34120
(nil) | 0x4d34120
(nil) | 0x4d34120
(nil) | 0x4d34120
(nil) | 0x4d34120
(nil) | 0x4d34120
(nil) | 0x4d34120
(nil) | 0x4d34120
(nil) | 0x4d34120
(nil) | 0x4d34120
(nil) | 0x4d34040
(nil) | 0x4d34040
(nil) | 0x4d34040
(nil) | 0x4d34040
(nil) | 0x4d34040
(nil) | 0x4d34040
(nil) | 0x4d34040
(nil) | 0x4d34040
(nil) | 0x4d34040
(nil) | 0x4d34040
(nil) | 0x4d34040
(nil) | 0x4d34040
(nil) | 0x4d34040
(nil) | 0x4d34040
(nil) | 0x4d34040
(nil) | 0x4d34040
(nil) | 0x4d34040
(nil) | 0x4d34040
(nil) | 0x4d34040
(nil) | 0x4d34040
(nil) | 0x4d34040
(nil) | 0x4d34040
(nil) | 0x4d34040
(nil) | 0x4d34040
(nil) | 0x4d34040
(nil) | 0x4d34040
(nil) | 0x4d34040
(nil) | 0x4d34040
(nil) | 0x4d34040
(nil) | 0x4d34040
(nil) | 0x4d34040
0 : angle = 0.457299 | dist = 9.219544 | perpDist = 8.272221
1 : angle = 0.107443 | dist = 8.544004 | perpDist = 8.494735
lol
kek
(nil) | 0x4d34120
(nil) | 0x4d34120
(nil) | 0x4d34120
(nil) | 0x4d34120
(nil) | 0x4d34120
(nil) | 0x4d34120
(nil) | 0x4d34120
(nil) | 0x4d34120
(nil) | 0x4d34120
(nil) | 0x4d34120
(nil) | 0x4d34120
(nil) | 0x4d34120
(nil) | 0x4d34120
(nil) | 0x4d34120
(nil) | 0x4d34120
(nil) | 0x4d34120
(nil) | 0x4d34120
(nil) | 0x4d34120
(nil) | 0x4d34120
(nil) | 0x4d34120
(nil) | 0x4d34120
(nil) | 0x4d34120
(nil) | 0x4d34120
(nil) | 0x4d34120
(nil) | 0x4d34120
(nil) | 0x4d34120
(nil) | 0x4d34120
(nil) | 0x4d34120
(nil) | 0x4d34120
(nil) | 0x4d34120
(nil) | 0x4d34120
(nil) | 0x4d34120
(nil) | 0x4d34120
(nil) | 0x4d34120
(nil) | 0x4d34120
(nil) | 0x4d34120
(nil) | 0x4d34120
(nil) | 0x4d34120
(nil) | 0x4d34120
(nil) | 0x4d34120
(nil) | 0x4d34120
(nil) | 0x4d34120
(nil) | 0x4d34120
(nil) | 0x4d34120
(nil) | 0x4d34120
(nil) | 0x4d34120
(nil) | 0x4d34120
(nil) | 0x4d34120
(nil) | 0x4d34120
(nil) | 0x4d34120
(nil) | 0x4d34120
(nil) | 0x4d34120
(nil) | 0x4d34120
(nil) | 0x4d34120
(nil) | 0x4d34120
(nil) | 0x4d34120
(nil) | 0x4d34120
(nil) | 0x4d34120
(nil) | 0x4d34120
(nil) | 0x4d34120
(nil) | 0x4d34120
(nil) | 0x4d34120
(nil) | 0x4d34120
(nil) | 0x4d34120
(nil) | 0x4d34120
(nil) | 0x4d34120
(nil) | 0x4d34120
(nil) | 0x4d34120
(nil) | 0x4d34120
(nil) | 0x4d34120
(nil) | 0x4d34120
(nil) | 0x4d34120
(nil) | 0x4d34120
(nil) | 0x4d34120
(nil) | 0x4d34120
(nil) | 0x4d34120
(nil) | 0x4d34120
(nil) | 0x4d34120
(nil) | 0x4d34120
(nil) | 0x4d34120
(nil) | 0x4d34120
(nil) | 0x4d34120
(nil) | 0x4d34120
(nil) | 0x4d34120
(nil) | 0x4d34120
(nil) | 0x4d34120
(nil) | 0x4d34120
(nil) | 0x4d34120
(nil) | 0x4d34040
(nil) | 0x4d34040
(nil) | 0x4d34040
(nil) | 0x4d34040
(nil) | 0x4d34040
(nil) | 0x4d34040
(nil) | 0x4d34040
(nil) | 0x4d34040
(nil) | 0x4d34040
(nil) | 0x4d34040
(nil) | 0x4d34040
(nil) | 0x4d34040
(nil) | 0x4d34040
(nil) | 0x4d34040
(nil) | 0x4d34040
(nil) | 0x4d34040
(nil) | 0x4d34040
(nil) | 0x4d34040
(nil) | 0x4d34040
(nil) | 0x4d34040
0 : angle = 0.394467 | dist = 9.219544 | perpDist = 8.511498
1 : angle = 0.044611 | dist = 8.544004 | perpDist = 8.535503
lol
kek
(nil) | 0x4d34120
(nil) | 0x4d34120
(nil) | 0x4d34120
(nil) | 0x4d34120
(nil) | 0x4d34120
(nil) | 0x4d34120
(nil) | 0x4d34120
(nil) | 0x4d34120
(nil) | 0x4d34120
(nil) | 0x4d34120
(nil) | 0x4d34120
(nil) | 0x4d34120
(nil) | 0x4d34120
(nil) | 0x4d34120
(nil) | 0x4d34120
(nil) | 0x4d34120
(nil) | 0x4d34120
(nil) | 0x4d34120
(nil) | 0x4d34120
(nil) | 0x4d34120
(nil) | 0x4d34120
(nil) | 0x4d34120
(nil) | 0x4d34120
(nil) | 0x4d34120
(nil) | 0x4d34120
(nil) | 0x4d34120
(nil) | 0x4d34120
(nil) | 0x4d34120
(nil) | 0x4d34120
(nil) | 0x4d34120
(nil) | 0x4d34120
(nil) | 0x4d34120
(nil) | 0x4d34120
(nil) | 0x4d34120
(nil) | 0x4d34120
(nil) | 0x4d34120
(nil) | 0x4d34120
(nil) | 0x4d34120
(nil) | 0x4d34120
(nil) | 0x4d34120
(nil) | 0x4d34120
(nil) | 0x4d34120
(nil) | 0x4d34120
(nil) | 0x4d34120
(nil) | 0x4d34120
(nil) | 0x4d34120
(nil) | 0x4d34120
(nil) | 0x4d34120
(nil) | 0x4d34120
(nil) | 0x4d34120
(nil) | 0x4d34120
(nil) | 0x4d34120
(nil) | 0x4d34120
(nil) | 0x4d34120
(nil) | 0x4d34120
(nil) | 0x4d34120
(nil) | 0x4d34120
(nil) | 0x4d34120
(nil) | 0x4d34120
(nil) | 0x4d34120
(nil) | 0x4d34120
(nil) | 0x4d34120
(nil) | 0x4d34120
(nil) | 0x4d34120
(nil) | 0x4d34120
(nil) | 0x4d34120
(nil) | 0x4d34120
(nil) | 0x4d34120
(nil) | 0x4d34120
(nil) | 0x4d34120
(nil) | 0x4d34120
(nil) | 0x4d34120
(nil) | 0x4d34120
(nil) | 0x4d34040
(nil) | 0x4d34040
(nil) | 0x4d34040
(nil) | 0x4d34040
(nil) | 0x4d34040
(nil) | 0x4d34040
(nil) | 0x4d34040
(nil) | 0x4d34040
0 : angle = 0.331635 | dist = 9.219544 | perpDist = 8.717183
1 : angle = 0.018220 | dist = 8.544004 | perpDist = 8.542586
lol
kek
(nil) | 0x4d34120
(nil) | 0x4d34120
(nil) | 0x4d34120
(nil) | 0x4d34120
(nil) | 0x4d34120
(nil) | 0x4d34120
(nil) | 0x4d34120
(nil) | 0x4d34120
(nil) | 0x4d34120
(nil) | 0x4d34120
(nil) | 0x4d34120
(nil) | 0x4d34120
(nil) | 0x4d34120
(nil) | 0x4d34120
(nil) | 0x4d34120
(nil) | 0x4d34120
(nil) | 0x4d34120
(nil) | 0x4d34120
(nil) | 0x4d34120
(nil) | 0x4d34120
(nil) | 0x4d34120
(nil) | 0x4d34120
(nil) | 0x4d34120
(nil) | 0x4d34120
(nil) | 0x4d34120
(nil) | 0x4d34120
(nil) | 0x4d34120
(nil) | 0x4d34120
(nil) | 0x4d34120
(nil) | 0x4d34120
(nil) | 0x4d34120
(nil) | 0x4d34120
(nil) | 0x4d34120
(nil) | 0x4d34120
(nil) | 0x4d34120
(nil) | 0x4d34120
(nil) | 0x4d34120
(nil) | 0x4d34120
(nil) | 0x4d34120
(nil) | 0x4d34120
(nil) | 0x4d34120
(nil) | 0x4d34120
(nil) | 0x4d34120
(nil) | 0x4d34120
(nil) | 0x4d34120
(nil) | 0x4d34120
(nil) | 0x4d34120
(nil) | 0x4d34120
(nil) | 0x4d34120
(nil) | 0x4d34120
(nil) | 0x4d34120
(nil) | 0x4d34120
(nil) | 0x4d34120
(nil) | 0x4d34120
(nil) | 0x4d34120
(nil) | 0x4d34120
(nil) | 0x4d34120
(nil) | 0x4d34120
(nil) | 0x4d34120
(nil) | 0x4d34120
(nil) | 0x4d34040
(nil) | 0x4d34040
(nil) | 0x4d34040
(nil) | 0x4d34040
0 : angle = 0.268803 | dist = 9.219544 | perpDist = 8.888465
1 : angle = 0.081052 | dist = 8.544004 | perpDist = 8.515954
lol
kek
(nil) | 0x4d34120
(nil) | 0x4d34120
(nil) | 0x4d34120
(nil) | 0x4d34120
(nil) | 0x4d34120
(nil) | 0x4d34120
(nil) | 0x4d34120
(nil) | 0x4d34120
(nil) | 0x4d34120
(nil) | 0x4d34120
(nil) | 0x4d34120
(nil) | 0x4d34120
(nil) | 0x4d34120
(nil) | 0x4d34120
(nil) | 0x4d34120
(nil) | 0x4d34120
(nil) | 0x4d34120
(nil) | 0x4d34120
(nil) | 0x4d34120
(nil) | 0x4d34120
(nil) | 0x4d34120
(nil) | 0x4d34120
(nil) | 0x4d34120
(nil) | 0x4d34120
(nil) | 0x4d34120
(nil) | 0x4d34120
(nil) | 0x4d34120
(nil) | 0x4d34120
(nil) | 0x4d34120
(nil) | 0x4d34120
(nil) | 0x4d34120
(nil) | 0x4d34120
(nil) | 0x4d34120
(nil) | 0x4d34120
(nil) | 0x4d34120
(nil) | 0x4d34120
(nil) | 0x4d34120
(nil) | 0x4d34120
(nil) | 0x4d34120
(nil) | 0x4d34120
(nil) | 0x4d34120
(nil) | 0x4d34120
(nil) | 0x4d34120
(nil) | 0x4d34120
(nil) | 0x4d34120
(nil) | 0x4d34120
(nil) | 0x4d34120
(nil) | 0x4d34120
(nil) | 0x4d34120
(nil) | 0x4d34040
(nil) | 0x4d34040
(nil) | 0x4d34040
(nil) | 0x4d34040
(nil) | 0x4d34040
(nil) | 0x4d34040
(nil) | 0x4d34040
(nil) | 0x4d34040
(nil) | 0x4d34040
(nil) | 0x4d34040
(nil) | 0x4d34040
(nil) | 0x4d34040
(nil) | 0x4d34040
(nil) | 0x4d34040
(nil) | 0x4d34040
(nil) | 0x4d34040
0 : angle = 0.205971 | dist = 9.219544 | perpDist = 9.024669
1 : angle = 0.143884 | dist = 8.544004 | perpDist = 8.455714
lol
kek
(nil) | 0x4d34120
(nil) | 0x4d34120
(nil) | 0x4d34120
(nil) | 0x4d34120
(nil) | 0x4d34120
(nil) | 0x4d34120
(nil) | 0x4d34120
(nil) | 0x4d34120
(nil) | 0x4d34120
(nil) | 0x4d34120
(nil) | 0x4d34120
(nil) | 0x4d34120
(nil) | 0x4d34120
(nil) | 0x4d34120
(nil) | 0x4d34120
(nil) | 0x4d34120
(nil) | 0x4d34120
(nil) | 0x4d34120
(nil) | 0x4d34120
(nil) | 0x4d34120
(nil) | 0x4d34120
(nil) | 0x4d34120
(nil) | 0x4d34120
(nil) | 0x4d34120
(nil) | 0x4d34120
(nil) | 0x4d34120
(nil) | 0x4d34120
0x502fa30 | 0x4d34040
lol
kek
(nil) | 0x4d34120
0x502fb20 | 0x4d34040
lol
kek
(nil) | 0x4d34120
0x502fc10 | 0x4d34040
lol
kek
(nil) | 0x4d34120
0x502fd00 | 0x4d34040
lol
kek
(nil) | 0x4d34120
0x502fdf0 | 0x4d34040
lol
kek
(nil) | 0x4d34120
0x502fee0 | 0x4d34040
lol
kek
(nil) | 0x4d34120
0x502ffd0 | 0x4d34040
lol
kek
(nil) | 0x4d34120
0x50300c0 | 0x4d34040
lol
kek
(nil) | 0x4d34120
0x50301b0 | 0x4d34040
lol
kek
(nil) | 0x4d34120
0x50302a0 | 0x4d34040
lol
kek
(nil) | 0x4d34120
0x5030390 | 0x4d34040
lol
kek
(nil) | 0x4d34120
0x5030480 | 0x4d34040
lol
kek
(nil) | 0x4d34040
(nil) | 0x4d34040
(nil) | 0x4d34040
(nil) | 0x4d34040
(nil) | 0x4d34040
(nil) | 0x4d34040
(nil) | 0x4d34040
(nil) | 0x4d34040
(nil) | 0x4d34040
(nil) | 0x4d34040
(nil) | 0x4d34040
(nil) | 0x4d34040
(nil) | 0x4d34040
(nil) | 0x4d34040
(nil) | 0x4d34040
(nil) | 0x4d34040
(nil) | 0x4d34040
0 : angle = 0.205971 | dist = 9.219544 | perpDist = 9.024669
1 : angle = 0.143884 | dist = 8.544004 | perpDist = 8.455714
lol
kek
(nil) | 0x4d34120
(nil) | 0x4d34120
(nil) | 0x4d34120
(nil) | 0x4d34120
(nil) | 0x4d34120
(nil) | 0x4d34120
(nil) | 0x4d34120
(nil) | 0x4d34120
(nil) | 0x4d34120
(nil) | 0x4d34120
(nil) | 0x4d34120
(nil) | 0x4d34120
(nil) | 0x4d34120
(nil) | 0x4d34120
(nil) | 0x4d34120
(nil) | 0x4d34120
(nil) | 0x4d34120
(nil) | 0x4d34120
(nil) | 0x4d34120
(nil) | 0x4d34120
(nil) | 0x4d34120
(nil) | 0x4d34120
(nil) | 0x4d34120
(nil) | 0x4d34120
(nil) | 0x4d34120
(nil) | 0x4d34120
(nil) | 0x4d34120
0x5040bb0 | 0x4d34040
lol
kek
(nil) | 0x4d34120
0x5040ca0 | 0x4d34040
lol
kek
(nil) | 0x4d34120
0x5040d90 | 0x4d34040
lol
kek
(nil) | 0x4d34120
0x5040e80 | 0x4d34040
lol
kek
(nil) | 0x4d34120
0x5040f70 | 0x4d34040
lol
kek
(nil) | 0x4d34120
0x5041060 | 0x4d34040
lol
kek
(nil) | 0x4d34120
0x5041150 | 0x4d34040
lol
kek
(nil) | 0x4d34120
0x5041240 | 0x4d34040
lol
kek
(nil) | 0x4d34120
0x5041330 | 0x4d34040
lol
kek
(nil) | 0x4d34120
0x5041420 | 0x4d34040
lol
kek
(nil) | 0x4d34120
0x5041510 | 0x4d34040
lol
kek
(nil) | 0x4d34120
0x5041600 | 0x4d34040
lol
kek
(nil) | 0x4d34040
(nil) | 0x4d34040
(nil) | 0x4d34040
(nil) | 0x4d34040
(nil) | 0x4d34040
(nil) | 0x4d34040
(nil) | 0x4d34040
(nil) | 0x4d34040
(nil) | 0x4d34040
(nil) | 0x4d34040
(nil) | 0x4d34040
(nil) | 0x4d34040
(nil) | 0x4d34040
(nil) | 0x4d34040
(nil) | 0x4d34040
(nil) | 0x4d34040
(nil) | 0x4d34040
0 : angle = 0.205971 | dist = 9.219544 | perpDist = 9.024669
1 : angle = 0.143884 | dist = 8.544004 | perpDist = 8.455714
lol
kek
(nil) | 0x4d34120
(nil) | 0x4d34120
(nil) | 0x4d34120
(nil) | 0x4d34120
(nil) | 0x4d34120
(nil) | 0x4d34120
(nil) | 0x4d34120
(nil) | 0x4d34120
(nil) | 0x4d34120
(nil) | 0x4d34120
(nil) | 0x4d34120
(nil) | 0x4d34120
(nil) | 0x4d34120
(nil) | 0x4d34120
(nil) | 0x4d34120
(nil) | 0x4d34120
(nil) | 0x4d34120
(nil) | 0x4d34120
(nil) | 0x4d34120
(nil) | 0x4d34120
(nil) | 0x4d34120
(nil) | 0x4d34120
(nil) | 0x4d34120
(nil) | 0x4d34120
(nil) | 0x4d34120
(nil) | 0x4d34120
(nil) | 0x4d34120
0x5051d30 | 0x4d34040
lol
kek
(nil) | 0x4d34120
0x5051e20 | 0x4d34040
lol
kek
(nil) | 0x4d34120
0x5051f10 | 0x4d34040
lol
kek
(nil) | 0x4d34120
0x5052000 | 0x4d34040
lol
kek
(nil) | 0x4d34120
0x50520f0 | 0x4d34040
lol
kek
(nil) | 0x4d34120
0x50521e0 | 0x4d34040
lol
kek
(nil) | 0x4d34120
0x50522d0 | 0x4d34040
lol
kek
(nil) | 0x4d34120
0x50523c0 | 0x4d34040
lol
kek
(nil) | 0x4d34120
0x50524b0 | 0x4d34040
lol
kek
(nil) | 0x4d34120
0x50525a0 | 0x4d34040
lol
kek
(nil) | 0x4d34120
0x5052690 | 0x4d34040
lol
kek
(nil) | 0x4d34120
0x5052780 | 0x4d34040
lol
kek
(nil) | 0x4d34040
(nil) | 0x4d34040
(nil) | 0x4d34040
(nil) | 0x4d34040
(nil) | 0x4d34040
(nil) | 0x4d34040
(nil) | 0x4d34040
(nil) | 0x4d34040
(nil) | 0x4d34040
(nil) | 0x4d34040
(nil) | 0x4d34040
(nil) | 0x4d34040
(nil) | 0x4d34040
(nil) | 0x4d34040
(nil) | 0x4d34040
(nil) | 0x4d34040
(nil) | 0x4d34040
