0 : angle = 0.000000 | dist = 0.000000 | perpDist = 0.000000
1 : angle = 0.000000 | dist = 0.000000 | perpDist = 0.000000
0 : angle = 1.929567 | dist = 8.544004 | perpDist = -3.000000
1 : angle = 2.279423 | dist = 9.219544 | perpDist = -6.000000
lol
kek
0 : angle = 2.279423 | dist = 9.219544 | perpDist = -6.000000
1 : angle = 1.929567 | dist = 8.544004 | perpDist = -3.000000
lol
kek
0 : angle = 2.279423 | dist = 9.219544 | perpDist = -6.000000
1 : angle = 1.929567 | dist = 8.544004 | perpDist = -3.000000
lol
kek
0 : angle = 2.279423 | dist = 9.219544 | perpDist = -6.000000
1 : angle = 1.929567 | dist = 8.544004 | perpDist = -3.000000
lol
kek
0 : angle = 2.279423 | dist = 9.219544 | perpDist = -6.000000
1 : angle = 1.929567 | dist = 8.544004 | perpDist = -3.000000
lol
kek
0 : angle = 2.279423 | dist = 9.219544 | perpDist = -6.000000
1 : angle = 1.929567 | dist = 8.544004 | perpDist = -3.000000
lol
kek
0 : angle = 2.279423 | dist = 9.219544 | perpDist = -6.000000
1 : angle = 1.929567 | dist = 8.544004 | perpDist = -3.000000
lol
kek
0 : angle = 2.279423 | dist = 9.219544 | perpDist = -6.000000
1 : angle = 1.929567 | dist = 8.544004 | perpDist = -3.000000
lol
kek
0 : angle = 2.216591 | dist = 9.219544 | perpDist = -5.548627
1 : angle = 1.866735 | dist = 8.544004 | perpDist = -2.491756
lol
kek
0 : angle = 2.153759 | dist = 9.219544 | perpDist = -5.075356
1 : angle = 1.803903 | dist = 8.544004 | perpDist = -1.973678
lol
kek
0 : angle = 2.090927 | dist = 9.219544 | perpDist = -4.582054
1 : angle = 1.741071 | dist = 8.544004 | perpDist = -1.447811
lol
kek
0 : angle = 2.028095 | dist = 9.219544 | perpDist = -4.070670
1 : angle = 1.678240 | dist = 8.544004 | perpDist = -0.916230
lol
kek
0 : angle = 1.965263 | dist = 9.219544 | perpDist = -3.543220
1 : angle = 1.615408 | dist = 8.544004 | perpDist = -0.381034
lol
kek
0 : angle = 1.902431 | dist = 9.219544 | perpDist = -3.001787
1 : angle = 1.552576 | dist = 8.544004 | perpDist = 0.155667
lol
kek
0 : angle = 1.839600 | dist = 9.219544 | perpDist = -2.448507
1 : angle = 1.489744 | dist = 8.544004 | perpDist = 0.691753
lol
kek
0 : angle = 1.776768 | dist = 9.219544 | perpDist = -1.885564
1 : angle = 1.426912 | dist = 8.544004 | perpDist = 1.225109
lol
kek
0 : angle = 1.713936 | dist = 9.219544 | perpDist = -1.315180
1 : angle = 1.364080 | dist = 8.544004 | perpDist = 1.753631
lol
kek
0 : angle = 1.651104 | dist = 9.219544 | perpDist = -0.739605
1 : angle = 1.301248 | dist = 8.544004 | perpDist = 2.275231
lol
kek
0 : angle = 1.588272 | dist = 9.219544 | perpDist = -0.161112
1 : angle = 1.238417 | dist = 8.544004 | perpDist = 2.787852
lol
kek
0 : angle = 1.525440 | dist = 9.219544 | perpDist = 0.418018
1 : angle = 1.175585 | dist = 8.544004 | perpDist = 3.289471
lol
kek
0 : angle = 1.462609 | dist = 9.219544 | perpDist = 0.995498
1 : angle = 1.112753 | dist = 8.544004 | perpDist = 3.778108
lol
kek
0 : angle = 1.399777 | dist = 9.219544 | perpDist = 1.569049
1 : angle = 1.049921 | dist = 8.544004 | perpDist = 4.251834
lol
kek
0 : angle = 1.336945 | dist = 9.219544 | perpDist = 2.136407
1 : angle = 0.987089 | dist = 8.544004 | perpDist = 4.708780
lol
kek
0 : angle = 1.274113 | dist = 9.219544 | perpDist = 2.695335
1 : angle = 0.924257 | dist = 8.544004 | perpDist = 5.147143
lol
kek
0 : angle = 1.211281 | dist = 9.219544 | perpDist = 3.243625
1 : angle = 0.861425 | dist = 8.544004 | perpDist = 5.565192
lol
kek
0 : angle = 1.148449 | dist = 9.219544 | perpDist = 3.779114
1 : angle = 0.798594 | dist = 8.544004 | perpDist = 5.961279
lol
kek
0 : angle = 1.085617 | dist = 9.219544 | perpDist = 4.299688
1 : angle = 0.735762 | dist = 8.544004 | perpDist = 6.333838
lol
kek
0 : angle = 1.022786 | dist = 9.219544 | perpDist = 4.803294
1 : angle = 0.672930 | dist = 8.544004 | perpDist = 6.681401
lol
kek
0 : angle = 0.959954 | dist = 9.219544 | perpDist = 5.287943
1 : angle = 0.610098 | dist = 8.544004 | perpDist = 7.002596
lol
kek
0 : angle = 0.897122 | dist = 9.219544 | perpDist = 5.751723
1 : angle = 0.547266 | dist = 8.544004 | perpDist = 7.296154
lol
kek
0 : angle = 0.834290 | dist = 9.219544 | perpDist = 6.192804
1 : angle = 0.484434 | dist = 8.544004 | perpDist = 7.560918
lol
kek
0 : angle = 0.771458 | dist = 9.219544 | perpDist = 6.609444
1 : angle = 0.421603 | dist = 8.544004 | perpDist = 7.795842
lol
kek
0 : angle = 0.708626 | dist = 9.219544 | perpDist = 7.000000
1 : angle = 0.358771 | dist = 8.544004 | perpDist = 8.000000
lol
kek
0 : angle = 0.645794 | dist = 9.219544 | perpDist = 7.362930
1 : angle = 0.295939 | dist = 8.544004 | perpDist = 8.172585
lol
kek
0x4f65ef0 | 0x4d34040
LOL = 0x4d34040 | 0x4f65ef0
0x4f65f90 | 0x4d34040
LOL = 0x4d34040 | 0x4f65f90
0x4f66030 | 0x4d34040
LOL = 0x4d34040 | 0x4f66030
0x4f660d0 | 0x4d34040
LOL = 0x4d34040 | 0x4f660d0
0x4f66170 | 0x4d34040
LOL = 0x4d34040 | 0x4f66170
0x4f66210 | 0x4d34040
LOL = 0x4d34040 | 0x4f66210
0x4f662b0 | 0x4d34040
LOL = 0x4d34040 | 0x4f662b0
0x4f66350 | 0x4d34040
LOL = 0x4d34040 | 0x4f66350
0x4f663f0 | 0x4d34040
LOL = 0x4d34040 | 0x4f663f0
0x4f66490 | 0x4d34040
LOL = 0x4d34040 | 0x4f66490
0x4f66530 | 0x4d34040
LOL = 0x4d34040 | 0x4f66530
0x4f665d0 | 0x4d34040
LOL = 0x4d34040 | 0x4f665d0
0x4f66670 | 0x4d34040
LOL = 0x4d34040 | 0x4f66670
0x4f66710 | 0x4d34040
LOL = 0x4d34040 | 0x4f66710
0x4f667b0 | 0x4d34040
LOL = 0x4d34040 | 0x4f667b0
0x4f66850 | 0x4d34040
LOL = 0x4d34040 | 0x4f66850
0x4f668f0 | 0x4d34040
LOL = 0x4d34040 | 0x4f668f0
0x4f66990 | 0x4d34040
LOL = 0x4d34040 | 0x4f66990
0x4f66a30 | 0x4d34040
LOL = 0x4d34040 | 0x4f66a30
0x4f66ad0 | 0x4d34040
LOL = 0x4d34040 | 0x4f66ad0
0x4f66b70 | 0x4d34040
LOL = 0x4d34040 | 0x4f66b70
0x4f66c10 | 0x4d34040
LOL = 0x4d34040 | 0x4f66c10
0x4f66cb0 | 0x4d34040
LOL = 0x4d34040 | 0x4f66cb0
0x4f66d50 | 0x4d34040
LOL = 0x4d34040 | 0x4f66d50
0x4f66df0 | 0x4d34040
LOL = 0x4d34040 | 0x4f66df0
0x4f66e90 | 0x4d34040
LOL = 0x4d34040 | 0x4f66e90
0x4f66f30 | 0x4d34040
LOL = 0x4d34040 | 0x4f66f30
0x4f66fd0 | 0x4d34040
LOL = 0x4d34040 | 0x4f66fd0
0x4f67070 | 0x4d34040
LOL = 0x4d34040 | 0x4f67070
0x4f67110 | 0x4d34040
LOL = 0x4d34040 | 0x4f67110
0x4f671b0 | 0x4d34040
LOL = 0x4d34040 | 0x4f671b0
0x4f67250 | 0x4d34040
LOL = 0x4d34040 | 0x4f67250
0x4f672f0 | 0x4d34040
LOL = 0x4d34040 | 0x4f672f0
0x4f67390 | 0x4d34040
LOL = 0x4d34040 | 0x4f67390
0x4f67430 | 0x4d34040
LOL = 0x4d34040 | 0x4f67430
0x4f674d0 | 0x4d34040
LOL = 0x4d34040 | 0x4f674d0
0x4f67570 | 0x4d34040
LOL = 0x4d34040 | 0x4f67570
0x4f67610 | 0x4d34040
LOL = 0x4d34040 | 0x4f67610
0x4f676b0 | 0x4d34040
LOL = 0x4d34040 | 0x4f676b0
0x4f67750 | 0x4d34040
LOL = 0x4d34040 | 0x4f67750
0x4f677f0 | 0x4d34040
LOL = 0x4d34040 | 0x4f677f0
0x4f67890 | 0x4d34040
LOL = 0x4d34040 | 0x4f67890
0x4f67930 | 0x4d34040
LOL = 0x4d34040 | 0x4f67930
0x4f679d0 | 0x4d34040
LOL = 0x4d34040 | 0x4f679d0
0x4f67a70 | 0x4d34040
LOL = 0x4d34040 | 0x4f67a70
0x4f67b10 | 0x4d34040
LOL = 0x4d34040 | 0x4f67b10
0x4f67bb0 | 0x4d34040
LOL = 0x4d34040 | 0x4f67bb0
0x4f67c50 | 0x4d34040
LOL = 0x4d34040 | 0x4f67c50
0x4f67cf0 | 0x4d34040
LOL = 0x4d34040 | 0x4f67cf0
0x4f67d90 | 0x4d34040
LOL = 0x4d34040 | 0x4f67d90
0x4f67e30 | 0x4d34040
LOL = 0x4d34040 | 0x4f67e30
0x4f67ed0 | 0x4d34040
LOL = 0x4d34040 | 0x4f67ed0
0x4f67f70 | 0x4d34040
LOL = 0x4d34040 | 0x4f67f70
0x4f68010 | 0x4d34040
LOL = 0x4d34040 | 0x4f68010
0x4f680b0 | 0x4d34040
LOL = 0x4d34040 | 0x4f680b0
0x4f68150 | 0x4d34040
LOL = 0x4d34040 | 0x4f68150
0x4f681f0 | 0x4d34040
LOL = 0x4d34040 | 0x4f681f0
0 : angle = 0.582963 | dist = 9.219544 | perpDist = 7.696802
1 : angle = 0.233107 | dist = 8.544004 | perpDist = 8.312917
lol
kek
0x4f77800 | 0x4d34040
LOL = 0x4d34040 | 0x4f77800
0x4f778a0 | 0x4d34040
LOL = 0x4d34040 | 0x4f778a0
0x4f77940 | 0x4d34040
LOL = 0x4d34040 | 0x4f77940
0x4f779e0 | 0x4d34040
LOL = 0x4d34040 | 0x4f779e0
0x4f77a80 | 0x4d34040
LOL = 0x4d34040 | 0x4f77a80
0x4f77b20 | 0x4d34040
LOL = 0x4d34040 | 0x4f77b20
0x4f77bc0 | 0x4d34040
LOL = 0x4d34040 | 0x4f77bc0
0x4f77c60 | 0x4d34040
LOL = 0x4d34040 | 0x4f77c60
0x4f77d00 | 0x4d34040
LOL = 0x4d34040 | 0x4f77d00
0x4f77da0 | 0x4d34040
LOL = 0x4d34040 | 0x4f77da0
0x4f77e40 | 0x4d34040
LOL = 0x4d34040 | 0x4f77e40
0x4f77ee0 | 0x4d34040
LOL = 0x4d34040 | 0x4f77ee0
0x4f77f80 | 0x4d34040
LOL = 0x4d34040 | 0x4f77f80
0x4f78020 | 0x4d34040
LOL = 0x4d34040 | 0x4f78020
0x4f780c0 | 0x4d34040
LOL = 0x4d34040 | 0x4f780c0
0x4f78160 | 0x4d34040
LOL = 0x4d34040 | 0x4f78160
0x4f78200 | 0x4d34040
LOL = 0x4d34040 | 0x4f78200
0x4f782a0 | 0x4d34040
LOL = 0x4d34040 | 0x4f782a0
0x4f78340 | 0x4d34040
LOL = 0x4d34040 | 0x4f78340
0x4f783e0 | 0x4d34040
LOL = 0x4d34040 | 0x4f783e0
0x4f78480 | 0x4d34040
LOL = 0x4d34040 | 0x4f78480
0x4f78520 | 0x4d34040
LOL = 0x4d34040 | 0x4f78520
0x4f785c0 | 0x4d34040
LOL = 0x4d34040 | 0x4f785c0
0x4f78660 | 0x4d34040
LOL = 0x4d34040 | 0x4f78660
0x4f78700 | 0x4d34040
LOL = 0x4d34040 | 0x4f78700
0x4f787a0 | 0x4d34040
LOL = 0x4d34040 | 0x4f787a0
0x4f78840 | 0x4d34040
LOL = 0x4d34040 | 0x4f78840
0x4f788e0 | 0x4d34040
LOL = 0x4d34040 | 0x4f788e0
0x4f78980 | 0x4d34040
LOL = 0x4d34040 | 0x4f78980
0x4f78a20 | 0x4d34040
LOL = 0x4d34040 | 0x4f78a20
0x4f78ac0 | 0x4d34040
LOL = 0x4d34040 | 0x4f78ac0
0x4f78b60 | 0x4d34040
LOL = 0x4d34040 | 0x4f78b60
0x4f78c00 | 0x4d34040
LOL = 0x4d34040 | 0x4f78c00
0x4f78ca0 | 0x4d34040
LOL = 0x4d34040 | 0x4f78ca0
0x4f78d40 | 0x4d34040
LOL = 0x4d34040 | 0x4f78d40
0x4f78de0 | 0x4d34040
LOL = 0x4d34040 | 0x4f78de0
0x4f78e80 | 0x4d34040
LOL = 0x4d34040 | 0x4f78e80
0x4f78f20 | 0x4d34040
LOL = 0x4d34040 | 0x4f78f20
0x4f78fc0 | 0x4d34040
LOL = 0x4d34040 | 0x4f78fc0
0x4f79060 | 0x4d34040
LOL = 0x4d34040 | 0x4f79060
0x4f79100 | 0x4d34040
LOL = 0x4d34040 | 0x4f79100
0x4f791a0 | 0x4d34040
LOL = 0x4d34040 | 0x4f791a0
0x4f79240 | 0x4d34040
LOL = 0x4d34040 | 0x4f79240
0 : angle = 0.582963 | dist = 9.219544 | perpDist = 7.696802
1 : angle = 0.233107 | dist = 8.544004 | perpDist = 8.312917
lol
kek
0x4f885c0 | 0x4d34040
LOL = 0x4d34040 | 0x4f885c0
0x4f88660 | 0x4d34040
LOL = 0x4d34040 | 0x4f88660
0x4f88700 | 0x4d34040
LOL = 0x4d34040 | 0x4f88700
0x4f887a0 | 0x4d34040
LOL = 0x4d34040 | 0x4f887a0
0x4f88840 | 0x4d34040
LOL = 0x4d34040 | 0x4f88840
0x4f888e0 | 0x4d34040
LOL = 0x4d34040 | 0x4f888e0
0x4f88980 | 0x4d34040
LOL = 0x4d34040 | 0x4f88980
0x4f88a20 | 0x4d34040
LOL = 0x4d34040 | 0x4f88a20
0x4f88ac0 | 0x4d34040
LOL = 0x4d34040 | 0x4f88ac0
0x4f88b60 | 0x4d34040
LOL = 0x4d34040 | 0x4f88b60
0x4f88c00 | 0x4d34040
LOL = 0x4d34040 | 0x4f88c00
0x4f88ca0 | 0x4d34040
LOL = 0x4d34040 | 0x4f88ca0
0x4f88d40 | 0x4d34040
LOL = 0x4d34040 | 0x4f88d40
0x4f88de0 | 0x4d34040
LOL = 0x4d34040 | 0x4f88de0
0x4f88e80 | 0x4d34040
LOL = 0x4d34040 | 0x4f88e80
0x4f88f20 | 0x4d34040
LOL = 0x4d34040 | 0x4f88f20
0x4f88fc0 | 0x4d34040
LOL = 0x4d34040 | 0x4f88fc0
0x4f89060 | 0x4d34040
LOL = 0x4d34040 | 0x4f89060
0x4f89100 | 0x4d34040
LOL = 0x4d34040 | 0x4f89100
0x4f891a0 | 0x4d34040
LOL = 0x4d34040 | 0x4f891a0
0x4f89240 | 0x4d34040
LOL = 0x4d34040 | 0x4f89240
0x4f892e0 | 0x4d34040
LOL = 0x4d34040 | 0x4f892e0
0x4f89380 | 0x4d34040
LOL = 0x4d34040 | 0x4f89380
0x4f89420 | 0x4d34040
LOL = 0x4d34040 | 0x4f89420
0x4f894c0 | 0x4d34040
LOL = 0x4d34040 | 0x4f894c0
0x4f89560 | 0x4d34040
LOL = 0x4d34040 | 0x4f89560
0x4f89600 | 0x4d34040
LOL = 0x4d34040 | 0x4f89600
0x4f896a0 | 0x4d34040
LOL = 0x4d34040 | 0x4f896a0
0x4f89740 | 0x4d34040
LOL = 0x4d34040 | 0x4f89740
0x4f897e0 | 0x4d34040
LOL = 0x4d34040 | 0x4f897e0
0x4f89880 | 0x4d34040
LOL = 0x4d34040 | 0x4f89880
0x4f89920 | 0x4d34040
LOL = 0x4d34040 | 0x4f89920
0x4f899c0 | 0x4d34040
LOL = 0x4d34040 | 0x4f899c0
0x4f89a60 | 0x4d34040
LOL = 0x4d34040 | 0x4f89a60
0x4f89b00 | 0x4d34040
LOL = 0x4d34040 | 0x4f89b00
0x4f89ba0 | 0x4d34040
LOL = 0x4d34040 | 0x4f89ba0
0x4f89c40 | 0x4d34040
LOL = 0x4d34040 | 0x4f89c40
0x4f89ce0 | 0x4d34040
LOL = 0x4d34040 | 0x4f89ce0
0x4f89d80 | 0x4d34040
LOL = 0x4d34040 | 0x4f89d80
0x4f89e20 | 0x4d34040
LOL = 0x4d34040 | 0x4f89e20
0x4f89ec0 | 0x4d34040
LOL = 0x4d34040 | 0x4f89ec0
0x4f89f60 | 0x4d34040
LOL = 0x4d34040 | 0x4f89f60
0x4f8a000 | 0x4d34040
LOL = 0x4d34040 | 0x4f8a000
0 : angle = 0.582963 | dist = 9.219544 | perpDist = 7.696802
1 : angle = 0.233107 | dist = 8.544004 | perpDist = 8.312917
lol
kek
0x4f98f00 | 0x4d34040
LOL = 0x4d34040 | 0x4f98f00
0x4f98fa0 | 0x4d34040
LOL = 0x4d34040 | 0x4f98fa0
0x4f99040 | 0x4d34040
LOL = 0x4d34040 | 0x4f99040
0x4f990e0 | 0x4d34040
LOL = 0x4d34040 | 0x4f990e0
0x4f99180 | 0x4d34040
LOL = 0x4d34040 | 0x4f99180
0x4f99220 | 0x4d34040
LOL = 0x4d34040 | 0x4f99220
0x4f992c0 | 0x4d34040
LOL = 0x4d34040 | 0x4f992c0
0x4f99360 | 0x4d34040
LOL = 0x4d34040 | 0x4f99360
0x4f99400 | 0x4d34040
LOL = 0x4d34040 | 0x4f99400
0x4f994a0 | 0x4d34040
LOL = 0x4d34040 | 0x4f994a0
0x4f99540 | 0x4d34040
LOL = 0x4d34040 | 0x4f99540
0x4f995e0 | 0x4d34040
LOL = 0x4d34040 | 0x4f995e0
0x4f99680 | 0x4d34040
LOL = 0x4d34040 | 0x4f99680
0x4f99720 | 0x4d34040
LOL = 0x4d34040 | 0x4f99720
0x4f997c0 | 0x4d34040
LOL = 0x4d34040 | 0x4f997c0
0x4f99860 | 0x4d34040
LOL = 0x4d34040 | 0x4f99860
0x4f99900 | 0x4d34040
LOL = 0x4d34040 | 0x4f99900
0x4f999a0 | 0x4d34040
LOL = 0x4d34040 | 0x4f999a0
0x4f99a40 | 0x4d34040
LOL = 0x4d34040 | 0x4f99a40
0x4f99ae0 | 0x4d34040
LOL = 0x4d34040 | 0x4f99ae0
0x4f99b80 | 0x4d34040
LOL = 0x4d34040 | 0x4f99b80
0x4f99c20 | 0x4d34040
LOL = 0x4d34040 | 0x4f99c20
0x4f99cc0 | 0x4d34040
LOL = 0x4d34040 | 0x4f99cc0
0x4f99d60 | 0x4d34040
LOL = 0x4d34040 | 0x4f99d60
0x4f99e00 | 0x4d34040
LOL = 0x4d34040 | 0x4f99e00
0x4f99ea0 | 0x4d34040
LOL = 0x4d34040 | 0x4f99ea0
0x4f99f40 | 0x4d34040
LOL = 0x4d34040 | 0x4f99f40
0x4f99fe0 | 0x4d34040
LOL = 0x4d34040 | 0x4f99fe0
0x4f9a080 | 0x4d34040
LOL = 0x4d34040 | 0x4f9a080
0x4f9a120 | 0x4d34040
LOL = 0x4d34040 | 0x4f9a120
0x4f9a1c0 | 0x4d34040
LOL = 0x4d34040 | 0x4f9a1c0
0x4f9a260 | 0x4d34040
LOL = 0x4d34040 | 0x4f9a260
0x4f9a300 | 0x4d34040
LOL = 0x4d34040 | 0x4f9a300
0x4f9a3a0 | 0x4d34040
LOL = 0x4d34040 | 0x4f9a3a0
0x4f9a440 | 0x4d34040
LOL = 0x4d34040 | 0x4f9a440
0x4f9a4e0 | 0x4d34040
LOL = 0x4d34040 | 0x4f9a4e0
0x4f9a580 | 0x4d34040
LOL = 0x4d34040 | 0x4f9a580
0x4f9a620 | 0x4d34040
LOL = 0x4d34040 | 0x4f9a620
0x4f9a6c0 | 0x4d34040
LOL = 0x4d34040 | 0x4f9a6c0
0x4f9a760 | 0x4d34040
LOL = 0x4d34040 | 0x4f9a760
0x4f9a800 | 0x4d34040
LOL = 0x4d34040 | 0x4f9a800
0x4f9a8a0 | 0x4d34040
LOL = 0x4d34040 | 0x4f9a8a0
0x4f9a940 | 0x4d34040
LOL = 0x4d34040 | 0x4f9a940
0 : angle = 0.582963 | dist = 9.219544 | perpDist = 7.696802
1 : angle = 0.233107 | dist = 8.544004 | perpDist = 8.312917
lol
kek
0x4fa9900 | 0x4d34040
LOL = 0x4d34040 | 0x4fa9900
0x4fa99a0 | 0x4d34040
LOL = 0x4d34040 | 0x4fa99a0
0x4fa9a40 | 0x4d34040
LOL = 0x4d34040 | 0x4fa9a40
0x4fa9ae0 | 0x4d34040
LOL = 0x4d34040 | 0x4fa9ae0
0x4fa9b80 | 0x4d34040
LOL = 0x4d34040 | 0x4fa9b80
0x4fa9c20 | 0x4d34040
LOL = 0x4d34040 | 0x4fa9c20
0x4fa9cc0 | 0x4d34040
LOL = 0x4d34040 | 0x4fa9cc0
0x4fa9d60 | 0x4d34040
LOL = 0x4d34040 | 0x4fa9d60
0x4fa9e00 | 0x4d34040
LOL = 0x4d34040 | 0x4fa9e00
0x4fa9ea0 | 0x4d34040
LOL = 0x4d34040 | 0x4fa9ea0
0x4fa9f40 | 0x4d34040
LOL = 0x4d34040 | 0x4fa9f40
0x4fa9fe0 | 0x4d34040
LOL = 0x4d34040 | 0x4fa9fe0
0x4faa080 | 0x4d34040
LOL = 0x4d34040 | 0x4faa080
0x4faa120 | 0x4d34040
LOL = 0x4d34040 | 0x4faa120
0x4faa1c0 | 0x4d34040
LOL = 0x4d34040 | 0x4faa1c0
0x4faa260 | 0x4d34040
LOL = 0x4d34040 | 0x4faa260
0x4faa300 | 0x4d34040
LOL = 0x4d34040 | 0x4faa300
0x4faa3a0 | 0x4d34040
LOL = 0x4d34040 | 0x4faa3a0
0x4faa440 | 0x4d34040
LOL = 0x4d34040 | 0x4faa440
0x4faa4e0 | 0x4d34040
LOL = 0x4d34040 | 0x4faa4e0
0x4faa580 | 0x4d34040
LOL = 0x4d34040 | 0x4faa580
0x4faa620 | 0x4d34040
LOL = 0x4d34040 | 0x4faa620
0x4faa6c0 | 0x4d34040
LOL = 0x4d34040 | 0x4faa6c0
0x4faa760 | 0x4d34040
LOL = 0x4d34040 | 0x4faa760
0x4faa800 | 0x4d34040
LOL = 0x4d34040 | 0x4faa800
0x4faa8a0 | 0x4d34040
LOL = 0x4d34040 | 0x4faa8a0
0x4faa940 | 0x4d34040
LOL = 0x4d34040 | 0x4faa940
0x4faa9e0 | 0x4d34040
LOL = 0x4d34040 | 0x4faa9e0
0x4faaa80 | 0x4d34040
LOL = 0x4d34040 | 0x4faaa80
0x4faab20 | 0x4d34040
LOL = 0x4d34040 | 0x4faab20
0x4faabc0 | 0x4d34040
LOL = 0x4d34040 | 0x4faabc0
0x4faac60 | 0x4d34040
LOL = 0x4d34040 | 0x4faac60
0x4faad00 | 0x4d34040
LOL = 0x4d34040 | 0x4faad00
0x4faada0 | 0x4d34040
LOL = 0x4d34040 | 0x4faada0
0x4faae40 | 0x4d34040
LOL = 0x4d34040 | 0x4faae40
0x4faaee0 | 0x4d34040
LOL = 0x4d34040 | 0x4faaee0
0x4faaf80 | 0x4d34040
LOL = 0x4d34040 | 0x4faaf80
0x4fab020 | 0x4d34040
LOL = 0x4d34040 | 0x4fab020
0x4fab0c0 | 0x4d34040
LOL = 0x4d34040 | 0x4fab0c0
0x4fab160 | 0x4d34040
LOL = 0x4d34040 | 0x4fab160
0x4fab200 | 0x4d34040
LOL = 0x4d34040 | 0x4fab200
0x4fab2a0 | 0x4d34040
LOL = 0x4d34040 | 0x4fab2a0
0x4fab340 | 0x4d34040
LOL = 0x4d34040 | 0x4fab340
